<?xml version="1.0" encoding="UTF-8"?>
<testsuite name="WallServiceTest" tests="1" skipped="0" failures="0" errors="0" timestamp="2023-03-26T19:50:50" hostname="MSI" time="0.117">
  <properties/>
  <testcase name="reportsTestNoId" classname="WallServiceTest" time="0.117"/>
  <system-out><![CDATA[]]></system-out>
  <system-err><![CDATA[]]></system-err>
</testsuite>
