<?xml version="1.0" encoding="UTF-8"?>
<testsuite name="WallServiceTest" tests="3" skipped="0" failures="0" errors="0" timestamp="2023-03-14T08:03:57" hostname="MSI" time="0.095">
  <properties/>
  <testcase name="updateExistingFalse" classname="WallServiceTest" time="0.094"/>
  <testcase name="addTest" classname="WallServiceTest" time="0.0"/>
  <testcase name="updateExistingTrue" classname="WallServiceTest" time="0.0"/>
  <system-out><![CDATA[]]></system-out>
  <system-err><![CDATA[]]></system-err>
</testsuite>
